#
# There is insufficient memory for the Java Runtime Environment to continue.
# Native memory allocation (malloc) failed to allocate 32744 bytes for ChunkPool::allocate
# Possible reasons:
#   The system is out of physical RAM or swap space
#   In 32 bit mode, the process size limit was hit
# Possible solutions:
#   Reduce memory load on the system
#   Increase physical memory or swap space
#   Check if swap backing store is full
#   Use 64 bit Java on a 64 bit OS
#   Decrease Java heap size (-Xmx/-Xms)
#   Decrease number of Java threads
#   Decrease Java thread stack sizes (-Xss)
#   Set larger code cache with -XX:ReservedCodeCacheSize=
# This output file may be truncated or incomplete.
#
#  Out of Memory Error (allocation.cpp:273), pid=661796, tid=0x00000000000a6288
#
# JRE version: OpenJDK Runtime Environment (8.0_112-b06) (build 1.8.0_112-release-b06)
# Java VM: OpenJDK 64-Bit Server VM (25.112-b06 mixed mode windows-amd64 compressed oops)
# Failed to write core dump. Minidumps are not enabled by default on client versions of Windows
#

---------------  T H R E A D  ---------------

Current thread (0x0000000018125000):  JavaThread "C1 CompilerThread3" daemon [_thread_in_native, id=680584, stack(0x0000000018bc0000,0x0000000018cc0000)]

Stack: [0x0000000018bc0000,0x0000000018cc0000]
[error occurred during error reporting (printing stack bounds), id 0xc0000005]

Native frames: (J=compiled Java code, j=interpreted, Vv=VM code, C=native code)


Current CompileTask:
C1:  38359 4253   !   3       java.util.logging.LogManager::ensureLogManagerInitialized (128 bytes)


---------------  P R O C E S S  ---------------

Java Threads: ( => current thread )
  0x000000001d03e800 JavaThread "pool-2-thread-1" [_thread_blocked, id=683476, stack(0x000000001ed40000,0x000000001ee40000)]
  0x000000001a07f800 JavaThread "File lock request listener" [_thread_in_native, id=682664, stack(0x000000001dc70000,0x000000001dd70000)]
  0x000000001a6cd800 JavaThread "Stdin handler" [_thread_blocked, id=679852, stack(0x000000001c8a0000,0x000000001c9a0000)]
  0x000000001939d800 JavaThread "Asynchronous log dispatcher for DefaultDaemonConnection: socket connection from /127.0.0.1:5459 to /127.0.0.1:5460" [_thread_blocked, id=682256, stack(0x000000001c7a0000,0x000000001c8a0000)]
  0x000000001939a800 JavaThread "Daemon worker" [_thread_in_native, id=681024, stack(0x000000001c6a0000,0x000000001c7a0000)]
  0x00000000192fc800 JavaThread "Cancel handler" [_thread_blocked, id=682520, stack(0x000000001c5a0000,0x000000001c6a0000)]
  0x0000000019390000 JavaThread "pool-1-thread-1" [_thread_blocked, id=683932, stack(0x000000001c4a0000,0x000000001c5a0000)]
  0x000000001929e000 JavaThread "Handler for socket connection from /127.0.0.1:5459 to /127.0.0.1:5460" [_thread_in_native, id=681052, stack(0x000000001c3a0000,0x000000001c4a0000)]
  0x000000001929d800 JavaThread "Daemon" [_thread_blocked, id=675592, stack(0x000000001c2a0000,0x000000001c3a0000)]
  0x0000000019c0e000 JavaThread "Incoming local TCP Connector on port 5459" [_thread_in_native, id=682200, stack(0x000000001bba0000,0x000000001bca0000)]
  0x00000000181a0800 JavaThread "Service Thread" daemon [_thread_blocked, id=679948, stack(0x0000000018cc0000,0x0000000018dc0000)]
=>0x0000000018125000 JavaThread "C1 CompilerThread3" daemon [_thread_in_native, id=680584, stack(0x0000000018bc0000,0x0000000018cc0000)]
  0x0000000018101800 JavaThread "C2 CompilerThread2" daemon [_thread_in_native, id=682368, stack(0x0000000018ac0000,0x0000000018bc0000)]
  0x00000000180ff000 JavaThread "C2 CompilerThread1" daemon [_thread_blocked, id=682984, stack(0x00000000189c0000,0x0000000018ac0000)]
  0x00000000180fd000 JavaThread "C2 CompilerThread0" daemon [_thread_in_native, id=683400, stack(0x00000000188c0000,0x00000000189c0000)]
  0x00000000180f8800 JavaThread "Attach Listener" daemon [_thread_blocked, id=682776, stack(0x00000000187c0000,0x00000000188c0000)]
  0x000000001620e800 JavaThread "Signal Dispatcher" daemon [_thread_blocked, id=683288, stack(0x00000000186c0000,0x00000000187c0000)]
  0x000000000236e000 JavaThread "Finalizer" daemon [_thread_blocked, id=682548, stack(0x00000000184d0000,0x00000000185d0000)]
  0x0000000002367000 JavaThread "Reference Handler" daemon [_thread_blocked, id=681536, stack(0x0000000017fd0000,0x00000000180d0000)]
  0x0000000002272800 JavaThread "main" [_thread_blocked, id=655748, stack(0x0000000002150000,0x0000000002250000)]

Other Threads:
  0x00000000161f6000 VMThread [stack: 0x0000000017ed0000,0x0000000017fd0000] [id=681384]
  0x00000000181a1800 WatcherThread [stack: 0x0000000018dc0000,0x0000000018ec0000] [id=683396]

VM state:not at safepoint (normal execution)

VM Mutex/Monitor currently owned by a thread: None

Heap:
 PSYoungGen      total 73728K, used 44903K [0x00000000e0000000, 0x00000000e6000000, 0x0000000100000000)
  eden space 68096K, 57% used [0x00000000e0000000,0x00000000e265d768,0x00000000e4280000)
  from space 5632K, 99% used [0x00000000e5280000,0x00000000e57fc628,0x00000000e5800000)
  to   space 8192K, 0% used [0x00000000e5800000,0x00000000e5800000,0x00000000e6000000)
 ParOldGen       total 93696K, used 17242K [0x00000000a0000000, 0x00000000a5b80000, 0x00000000e0000000)
  object space 93696K, 18% used [0x00000000a0000000,0x00000000a10d6b78,0x00000000a5b80000)
 Metaspace       used 39135K, capacity 40054K, committed 40192K, reserved 1083392K
  class space    used 5281K, capacity 5565K, committed 5632K, reserved 1048576K

Card table byte_map: [0x0000000011800000,0x0000000011b10000] byte_map_base: 0x0000000011300000

Marking Bits: (ParMarkBitMap*) 0x00000000657518f0
 Begin Bits: [0x0000000012510000, 0x0000000013d10000)
 End Bits:   [0x0000000013d10000, 0x0000000015510000)

Polling page: 0x0000000000a10000

CodeCache: size=245760Kb used=15121Kb max_used=15121Kb free=230638Kb
 bounds [0x0000000002440000, 0x0000000003320000, 0x0000000011440000]
 total_blobs=4664 nmethods=3950 adapters=627
 compilation: enabled

Compilation events (10 events):
Event: 38.223 Thread 0x0000000018125000 nmethod 4247 0x00000000032f5550 code [0x00000000032f56a0, 0x00000000032f5790]
Event: 38.281 Thread 0x0000000018125000 4248       3       sun.nio.fs.WindowsPath::isAbsolute (26 bytes)
Event: 38.282 Thread 0x0000000018125000 nmethod 4248 0x00000000032f5150 code [0x00000000032f52c0, 0x00000000032f54d0]
Event: 38.283 Thread 0x0000000018125000 4249   !   3       sun.nio.fs.WindowsPath::getPathForWin32Calls (138 bytes)
Event: 38.286 Thread 0x0000000018125000 nmethod 4249 0x00000000032f2110 code [0x00000000032f2380, 0x00000000032f34c8]
Event: 38.286 Thread 0x0000000018125000 4252       3       sun.nio.fs.NativeBuffers::releaseNativeBuffer (103 bytes)
Event: 38.288 Thread 0x0000000018125000 nmethod 4252 0x000000000330ee90 code [0x000000000330f180, 0x00000000033104f8]
Event: 38.288 Thread 0x0000000018125000 4250       3       sun.nio.fs.WindowsNativeDispatcher::asNativeBuffer (84 bytes)
Event: 38.289 Thread 0x0000000018125000 nmethod 4250 0x0000000003310e90 code [0x0000000003311080, 0x0000000003311978]
Event: 38.352 Thread 0x0000000018125000 4253   !   3       java.util.logging.LogManager::ensureLogManagerInitialized (128 bytes)

GC Heap History (10 events):
Event: 24.452 GC heap before
{Heap before GC invocations=7 (full 1):
 PSYoungGen      total 38400K, used 36956K [0x00000000e0000000, 0x00000000e4b80000, 0x0000000100000000)
  eden space 33280K, 100% used [0x00000000e0000000,0x00000000e2080000,0x00000000e2080000)
  from space 5120K, 71% used [0x00000000e2080000,0x00000000e2417240,0x00000000e2580000)
  to   space 11264K, 0% used [0x00000000e4080000,0x00000000e4080000,0x00000000e4b80000)
 ParOldGen       total 60928K, used 9484K [0x00000000a0000000, 0x00000000a3b80000, 0x00000000e0000000)
  object space 60928K, 15% used [0x00000000a0000000,0x00000000a0943178,0x00000000a3b80000)
 Metaspace       used 26487K, capacity 26980K, committed 27136K, reserved 1073152K
  class space    used 3658K, capacity 3782K, committed 3840K, reserved 1048576K
Event: 24.462 GC heap after
Heap after GC invocations=7 (full 1):
 PSYoungGen      total 62976K, used 6350K [0x00000000e0000000, 0x00000000e4900000, 0x0000000100000000)
  eden space 54272K, 0% used [0x00000000e0000000,0x00000000e0000000,0x00000000e3500000)
  from space 8704K, 72% used [0x00000000e4080000,0x00000000e46b3bf0,0x00000000e4900000)
  to   space 10240K, 0% used [0x00000000e3500000,0x00000000e3500000,0x00000000e3f00000)
 ParOldGen       total 60928K, used 9492K [0x00000000a0000000, 0x00000000a3b80000, 0x00000000e0000000)
  object space 60928K, 15% used [0x00000000a0000000,0x00000000a0945178,0x00000000a3b80000)
 Metaspace       used 26487K, capacity 26980K, committed 27136K, reserved 1073152K
  class space    used 3658K, capacity 3782K, committed 3840K, reserved 1048576K
}
Event: 27.415 GC heap before
{Heap before GC invocations=8 (full 1):
 PSYoungGen      total 62976K, used 60622K [0x00000000e0000000, 0x00000000e4900000, 0x0000000100000000)
  eden space 54272K, 100% used [0x00000000e0000000,0x00000000e3500000,0x00000000e3500000)
  from space 8704K, 72% used [0x00000000e4080000,0x00000000e46b3bf0,0x00000000e4900000)
  to   space 10240K, 0% used [0x00000000e3500000,0x00000000e3500000,0x00000000e3f00000)
 ParOldGen       total 60928K, used 9492K [0x00000000a0000000, 0x00000000a3b80000, 0x00000000e0000000)
  object space 60928K, 15% used [0x00000000a0000000,0x00000000a0945178,0x00000000a3b80000)
 Metaspace       used 29748K, capacity 30352K, committed 30464K, reserved 1075200K
  class space    used 4070K, capacity 4242K, committed 4352K, reserved 1048576K
Event: 27.429 GC heap after
Heap after GC invocations=8 (full 1):
 PSYoungGen      total 64512K, used 7061K [0x00000000e0000000, 0x00000000e6980000, 0x0000000100000000)
  eden space 54272K, 0% used [0x00000000e0000000,0x00000000e0000000,0x00000000e3500000)
  from space 10240K, 68% used [0x00000000e3500000,0x00000000e3be5698,0x00000000e3f00000)
  to   space 10240K, 0% used [0x00000000e5f80000,0x00000000e5f80000,0x00000000e6980000)
 ParOldGen       total 60928K, used 9500K [0x00000000a0000000, 0x00000000a3b80000, 0x00000000e0000000)
  object space 60928K, 15% used [0x00000000a0000000,0x00000000a0947178,0x00000000a3b80000)
 Metaspace       used 29748K, capacity 30352K, committed 30464K, reserved 1075200K
  class space    used 4070K, capacity 4242K, committed 4352K, reserved 1048576K
}
Event: 35.562 GC heap before
{Heap before GC invocations=9 (full 1):
 PSYoungGen      total 64512K, used 59503K [0x00000000e0000000, 0x00000000e6980000, 0x0000000100000000)
  eden space 54272K, 96% used [0x00000000e0000000,0x00000000e3336858,0x00000000e3500000)
  from space 10240K, 68% used [0x00000000e3500000,0x00000000e3be5698,0x00000000e3f00000)
  to   space 10240K, 0% used [0x00000000e5f80000,0x00000000e5f80000,0x00000000e6980000)
 ParOldGen       total 60928K, used 9500K [0x00000000a0000000, 0x00000000a3b80000, 0x00000000e0000000)
  object space 60928K, 15% used [0x00000000a0000000,0x00000000a0947178,0x00000000a3b80000)
 Metaspace       used 34569K, capacity 35290K, committed 35496K, reserved 1079296K
  class space    used 4669K, capacity 4850K, committed 4864K, reserved 1048576K
Event: 35.578 GC heap after
Heap after GC invocations=9 (full 1):
 PSYoungGen      total 63488K, used 10233K [0x00000000e0000000, 0x00000000e6980000, 0x0000000100000000)
  eden space 53248K, 0% used [0x00000000e0000000,0x00000000e0000000,0x00000000e3400000)
  from space 10240K, 99% used [0x00000000e5f80000,0x00000000e697e7b0,0x00000000e6980000)
  to   space 11776K, 0% used [0x00000000e5280000,0x00000000e5280000,0x00000000e5e00000)
 ParOldGen       total 60928K, used 10303K [0x00000000a0000000, 0x00000000a3b80000, 0x00000000e0000000)
  object space 60928K, 16% used [0x00000000a0000000,0x00000000a0a0fe58,0x00000000a3b80000)
 Metaspace       used 34569K, capacity 35290K, committed 35496K, reserved 1079296K
  class space    used 4669K, capacity 4850K, committed 4864K, reserved 1048576K
}
Event: 35.578 GC heap before
{Heap before GC invocations=10 (full 2):
 PSYoungGen      total 63488K, used 10233K [0x00000000e0000000, 0x00000000e6980000, 0x0000000100000000)
  eden space 53248K, 0% used [0x00000000e0000000,0x00000000e0000000,0x00000000e3400000)
  from space 10240K, 99% used [0x00000000e5f80000,0x00000000e697e7b0,0x00000000e6980000)
  to   space 11776K, 0% used [0x00000000e5280000,0x00000000e5280000,0x00000000e5e00000)
 ParOldGen       total 60928K, used 10303K [0x00000000a0000000, 0x00000000a3b80000, 0x00000000e0000000)
  object space 60928K, 16% used [0x00000000a0000000,0x00000000a0a0fe58,0x00000000a3b80000)
 Metaspace       used 34569K, capacity 35290K, committed 35496K, reserved 1079296K
  class space    used 4669K, capacity 4850K, committed 4864K, reserved 1048576K
Event: 35.708 GC heap after
Heap after GC invocations=10 (full 2):
 PSYoungGen      total 63488K, used 0K [0x00000000e0000000, 0x00000000e6980000, 0x0000000100000000)
  eden space 53248K, 0% used [0x00000000e0000000,0x00000000e0000000,0x00000000e3400000)
  from space 10240K, 0% used [0x00000000e5f80000,0x00000000e5f80000,0x00000000e6980000)
  to   space 11776K, 0% used [0x00000000e5280000,0x00000000e5280000,0x00000000e5e00000)
 ParOldGen       total 93696K, used 17234K [0x00000000a0000000, 0x00000000a5b80000, 0x00000000e0000000)
  object space 93696K, 18% used [0x00000000a0000000,0x00000000a10d4b78,0x00000000a5b80000)
 Metaspace       used 34569K, capacity 35290K, committed 35496K, reserved 1079296K
  class space    used 4669K, capacity 4850K, committed 4864K, reserved 1048576K
}
Event: 37.079 GC heap before
{Heap before GC invocations=11 (full 2):
 PSYoungGen      total 63488K, used 53248K [0x00000000e0000000, 0x00000000e6980000, 0x0000000100000000)
  eden space 53248K, 100% used [0x00000000e0000000,0x00000000e3400000,0x00000000e3400000)
  from space 10240K, 0% used [0x00000000e5f80000,0x00000000e5f80000,0x00000000e6980000)
  to   space 11776K, 0% used [0x00000000e5280000,0x00000000e5280000,0x00000000e5e00000)
 ParOldGen       total 93696K, used 17234K [0x00000000a0000000, 0x00000000a5b80000, 0x00000000e0000000)
  object space 93696K, 18% used [0x00000000a0000000,0x00000000a10d4b78,0x00000000a5b80000)
 Metaspace       used 37444K, capacity 38158K, committed 38272K, reserved 1083392K
  class space    used 5005K, capacity 5218K, committed 5248K, reserved 1048576K
Event: 37.091 GC heap after
Heap after GC invocations=11 (full 2):
 PSYoungGen      total 73728K, used 5617K [0x00000000e0000000, 0x00000000e6000000, 0x0000000100000000)
  eden space 68096K, 0% used [0x00000000e0000000,0x00000000e0000000,0x00000000e4280000)
  from space 5632K, 99% used [0x00000000e5280000,0x00000000e57fc628,0x00000000e5800000)
  to   space 8192K, 0% used [0x00000000e5800000,0x00000000e5800000,0x00000000e6000000)
 ParOldGen       total 93696K, used 17242K [0x00000000a0000000, 0x00000000a5b80000, 0x00000000e0000000)
  object space 93696K, 18% used [0x00000000a0000000,0x00000000a10d6b78,0x00000000a5b80000)
 Metaspace       used 37444K, capacity 38158K, committed 38272K, reserved 1083392K
  class space    used 5005K, capacity 5218K, committed 5248K, reserved 1048576K
}

Deoptimization events (10 events):
Event: 36.895 Thread 0x000000001939a800 Uncommon trap: reason=unstable_if action=reinterpret pc=0x0000000002e7bf0c method=java.lang.ThreadLocal.get()Ljava/lang/Object; @ 11
Event: 36.943 Thread 0x000000001939a800 Uncommon trap: reason=unstable_if action=reinterpret pc=0x00000000031f9aa4 method=java.util.HashMap.putVal(ILjava/lang/Object;Ljava/lang/Object;ZZ)Ljava/lang/Object; @ 236
Event: 37.001 Thread 0x000000001939a800 Uncommon trap: reason=unstable_if action=reinterpret pc=0x00000000026819bc method=java.lang.CharacterDataLatin1.isWhitespace(I)Z @ 14
Event: 37.062 Thread 0x000000001939a800 Uncommon trap: reason=unstable_if action=reinterpret pc=0x00000000025c6bac method=java.security.CodeSource.getCertificates()[Ljava/security/cert/Certificate; @ 22
Event: 37.104 Thread 0x000000001939a800 Uncommon trap: reason=unstable_if action=reinterpret pc=0x00000000030c6840 method=java.util.LinkedHashMap.get(Ljava/lang/Object;)Ljava/lang/Object; @ 20
Event: 37.472 Thread 0x000000001939a800 Uncommon trap: reason=bimorphic action=maybe_recompile pc=0x00000000032aac14 method=org.codehaus.groovy.util.SingleKeyHashMap.get(Ljava/lang/Object;)Ljava/lang/Object; @ 1
Event: 37.472 Thread 0x000000001939a800 Uncommon trap: reason=bimorphic action=maybe_recompile pc=0x00000000032aac14 method=org.codehaus.groovy.util.SingleKeyHashMap.get(Ljava/lang/Object;)Ljava/lang/Object; @ 1
Event: 37.475 Thread 0x000000001939a800 Uncommon trap: reason=bimorphic action=maybe_recompile pc=0x00000000032aac14 method=org.codehaus.groovy.util.SingleKeyHashMap.get(Ljava/lang/Object;)Ljava/lang/Object; @ 1
Event: 37.475 Thread 0x000000001939a800 Uncommon trap: reason=bimorphic action=maybe_recompile pc=0x00000000032aac14 method=org.codehaus.groovy.util.SingleKeyHashMap.get(Ljava/lang/Object;)Ljava/lang/Object; @ 1
Event: 37.607 Thread 0x000000001939a800 Uncommon trap: reason=unstable_if action=reinterpret pc=0x0000000003235a54 method=java.util.HashMap$HashIterator.<init>(Ljava/util/HashMap;)V @ 45

Internal exceptions (10 events):
Event: 38.250 Thread 0x000000001939a800 Exception <a 'sun/nio/fs/WindowsException'> (0x00000000e24d98a0) thrown at [C:\src\android\AOSP-openjdk\external\jetbrains\jdk\hotspot\src\share\vm\prims\jni.cpp, line 709]
Event: 38.250 Thread 0x000000001939a800 Exception <a 'sun/nio/fs/WindowsException'> (0x00000000e24dc720) thrown at [C:\src\android\AOSP-openjdk\external\jetbrains\jdk\hotspot\src\share\vm\prims\jni.cpp, line 709]
Event: 38.251 Thread 0x000000001939a800 Exception <a 'sun/nio/fs/WindowsException'> (0x00000000e24dd3b8) thrown at [C:\src\android\AOSP-openjdk\external\jetbrains\jdk\hotspot\src\share\vm\prims\jni.cpp, line 709]
Event: 38.251 Thread 0x000000001939a800 Exception <a 'sun/nio/fs/WindowsException'> (0x00000000e24df098) thrown at [C:\src\android\AOSP-openjdk\external\jetbrains\jdk\hotspot\src\share\vm\prims\jni.cpp, line 709]
Event: 38.251 Thread 0x000000001939a800 Exception <a 'sun/nio/fs/WindowsException'> (0x00000000e24dfd68) thrown at [C:\src\android\AOSP-openjdk\external\jetbrains\jdk\hotspot\src\share\vm\prims\jni.cpp, line 709]
Event: 38.267 Thread 0x000000001939a800 Exception <a 'sun/nio/fs/WindowsException'> (0x00000000e24e34e0) thrown at [C:\src\android\AOSP-openjdk\external\jetbrains\jdk\hotspot\src\share\vm\prims\jni.cpp, line 709]
Event: 38.267 Thread 0x000000001939a800 Exception <a 'sun/nio/fs/WindowsException'> (0x00000000e24e4038) thrown at [C:\src\android\AOSP-openjdk\external\jetbrains\jdk\hotspot\src\share\vm\prims\jni.cpp, line 709]
Event: 38.267 Thread 0x000000001939a800 Exception <a 'sun/nio/fs/WindowsException'> (0x00000000e24e5bd8) thrown at [C:\src\android\AOSP-openjdk\external\jetbrains\jdk\hotspot\src\share\vm\prims\jni.cpp, line 709]
Event: 38.267 Thread 0x000000001939a800 Exception <a 'sun/nio/fs/WindowsException'> (0x00000000e24e6768) thrown at [C:\src\android\AOSP-openjdk\external\jetbrains\jdk\hotspot\src\share\vm\prims\jni.cpp, line 709]
Event: 38.335 Thread 0x000000001939a800 Exception <a 'java/lang/ClassNotFoundException': com/sun/org/glassfish/hk2/osgiresourcelocator/ServiceLoader> (0x00000000e2545590) thrown at [C:\src\android\AOSP-openjdk\external\jetbrains\jdk\hotspot\src\share\vm\classfile\systemDictionary.cpp, line 210]

Events (10 events):
Event: 38.345 loading class com/sun/xml/internal/bind/v2/model/annotation/RuntimeAnnotationReader done
Event: 38.345 loading class com/sun/xml/internal/bind/api/JAXBRIContext
Event: 38.347 loading class com/sun/xml/internal/bind/api/JAXBRIContext done
Event: 38.347 loading class com/sun/istack/internal/FinalArrayList
Event: 38.348 loading class com/sun/istack/internal/FinalArrayList done
Event: 38.348 Executing VM operation: Deoptimize
Event: 38.350 Executing VM operation: Deoptimize done
Event: 38.351 loading class com/sun/xml/internal/bind/Util
Event: 38.352 loading class com/sun/xml/internal/bind/Util done
Event: 38.353 loading class com/sun/xml/internal/bind/v2/util/TypeCast


Dynamic libraries:
0x00007ff6af810000 - 0x00007ff6af841000 	C:\Program Files\Android\Android Studio\jre\bin\java.exe
0x00007ffdf8590000 - 0x00007ffdf8761000 	C:\WINDOWS\SYSTEM32\ntdll.dll
0x00007ffdf84e0000 - 0x00007ffdf858b000 	C:\WINDOWS\System32\KERNEL32.DLL
0x00007ffdf5300000 - 0x00007ffdf551d000 	C:\WINDOWS\System32\KERNELBASE.dll
0x00007ffdf5dc0000 - 0x00007ffdf5e62000 	C:\WINDOWS\System32\ADVAPI32.dll
0x00007ffdf6400000 - 0x00007ffdf649e000 	C:\WINDOWS\System32\msvcrt.dll
0x00007ffdf7bb0000 - 0x00007ffdf7c09000 	C:\WINDOWS\System32\sechost.dll
0x00007ffdf7f20000 - 0x00007ffdf8041000 	C:\WINDOWS\System32\RPCRT4.dll
0x00007ffdf7a20000 - 0x00007ffdf7b85000 	C:\WINDOWS\System32\USER32.dll
0x00007ffdf5710000 - 0x00007ffdf572e000 	C:\WINDOWS\System32\win32u.dll
0x00007ffdf8380000 - 0x00007ffdf83b4000 	C:\WINDOWS\System32\GDI32.dll
0x00007ffdf5520000 - 0x00007ffdf56a2000 	C:\WINDOWS\System32\gdi32full.dll
0x00007ffdea950000 - 0x00007ffdeabca000 	C:\WINDOWS\WinSxS\amd64_microsoft.windows.common-controls_6595b64144ccf1df_6.0.14393.953_none_42151e83c686086b\COMCTL32.dll
0x00007ffdf80b0000 - 0x00007ffdf8378000 	C:\WINDOWS\System32\combase.dll
0x00007ffdf5a00000 - 0x00007ffdf5af5000 	C:\WINDOWS\System32\ucrtbase.dll
0x00007ffdf51e0000 - 0x00007ffdf524a000 	C:\WINDOWS\System32\bcryptPrimitives.dll
0x00007ffdf5c20000 - 0x00007ffdf5c4e000 	C:\WINDOWS\System32\IMM32.DLL
0x0000000064eb0000 - 0x0000000064f82000 	C:\Program Files\Android\Android Studio\jre\jre\bin\msvcr100.dll
0x0000000064f90000 - 0x00000000657cc000 	C:\Program Files\Android\Android Studio\jre\jre\bin\server\jvm.dll
0x00007ffdf5db0000 - 0x00007ffdf5db8000 	C:\WINDOWS\System32\PSAPI.DLL
0x00007ffde7e40000 - 0x00007ffde7e49000 	C:\WINDOWS\SYSTEM32\WSOCK32.dll
0x00007ffdf5b00000 - 0x00007ffdf5b6a000 	C:\WINDOWS\System32\WS2_32.dll
0x00007ffdf2d10000 - 0x00007ffdf2d33000 	C:\WINDOWS\SYSTEM32\WINMM.dll
0x00007ffdefea0000 - 0x00007ffdefeaa000 	C:\WINDOWS\SYSTEM32\VERSION.dll
0x00007ffdf2ce0000 - 0x00007ffdf2d0b000 	C:\WINDOWS\SYSTEM32\WINMMBASE.dll
0x00007ffdf5730000 - 0x00007ffdf5772000 	C:\WINDOWS\System32\cfgmgr32.dll
0x00007ffded080000 - 0x00007ffded08f000 	C:\Program Files\Android\Android Studio\jre\jre\bin\verify.dll
0x00007ffddd3b0000 - 0x00007ffddd3d9000 	C:\Program Files\Android\Android Studio\jre\jre\bin\java.dll
0x00007ffdecc90000 - 0x00007ffdecca6000 	C:\Program Files\Android\Android Studio\jre\jre\bin\zip.dll
0x00007ffdf6510000 - 0x00007ffdf7a18000 	C:\WINDOWS\System32\SHELL32.dll
0x00007ffdf4b00000 - 0x00007ffdf51da000 	C:\WINDOWS\System32\windows.storage.dll
0x00007ffdf49d0000 - 0x00007ffdf4a1c000 	C:\WINDOWS\System32\powrprof.dll
0x00007ffdf8050000 - 0x00007ffdf80a2000 	C:\WINDOWS\System32\shlwapi.dll
0x00007ffdf4a30000 - 0x00007ffdf4a3f000 	C:\WINDOWS\System32\kernel.appcore.dll
0x00007ffdf5250000 - 0x00007ffdf52f9000 	C:\WINDOWS\System32\shcore.dll
0x00007ffdf4a40000 - 0x00007ffdf4a54000 	C:\WINDOWS\System32\profapi.dll
0x00007ffddd370000 - 0x00007ffddd38a000 	C:\Program Files\Android\Android Studio\jre\jre\bin\net.dll
0x00007ffdf42a0000 - 0x00007ffdf42fc000 	C:\WINDOWS\system32\mswsock.dll
0x00007ffddd350000 - 0x00007ffddd361000 	C:\Program Files\Android\Android Studio\jre\jre\bin\nio.dll
0x00007ffded830000 - 0x00007ffded84e000 	C:\Users\blurryRobot\.gradle\native\23\windows-amd64\native-platform.dll
0x00007ffdf4450000 - 0x00007ffdf4467000 	C:\WINDOWS\SYSTEM32\CRYPTSP.dll
0x00007ffdf3ea0000 - 0x00007ffdf3ed3000 	C:\WINDOWS\system32\rsaenh.dll
0x00007ffdf4910000 - 0x00007ffdf493b000 	C:\WINDOWS\SYSTEM32\bcrypt.dll
0x00007ffdf4130000 - 0x00007ffdf414f000 	C:\WINDOWS\SYSTEM32\USERENV.dll
0x00007ffdf4440000 - 0x00007ffdf444b000 	C:\WINDOWS\SYSTEM32\CRYPTBASE.dll
0x00007ffdf4020000 - 0x00007ffdf4058000 	C:\WINDOWS\SYSTEM32\IPHLPAPI.DLL
0x00007ffdf7f10000 - 0x00007ffdf7f18000 	C:\WINDOWS\System32\NSI.dll
0x00007ffdee260000 - 0x00007ffdee276000 	C:\WINDOWS\SYSTEM32\dhcpcsvc6.DLL
0x00007ffdee3b0000 - 0x00007ffdee3ca000 	C:\WINDOWS\SYSTEM32\dhcpcsvc.DLL
0x00007ffded070000 - 0x00007ffded07d000 	C:\Program Files\Android\Android Studio\jre\jre\bin\management.dll

VM Arguments:
jvm_args: -Xmx1536m -Dfile.encoding=windows-1252 -Duser.country=US -Duser.language=en -Duser.variant 
java_command: org.gradle.launcher.daemon.bootstrap.GradleDaemon 3.3
java_class_path (initial): C:\Users\blurryRobot\.gradle\wrapper\dists\gradle-3.3-all\55gk2rcmfc6p2dg9u9ohc3hw9\gradle-3.3\lib\gradle-launcher-3.3.jar
Launcher Type: SUN_STANDARD

Environment Variables:
CLASSPATH=.;C:\Program Files (x86)\Java\jre1.8.0_66\lib\ext\QTJava.zip
USERNAME=blurryRobot
OS=Windows_NT
PROCESSOR_IDENTIFIER=Intel64 Family 6 Model 30 Stepping 5, GenuineIntel



---------------  S Y S T E M  ---------------

OS: Windows 10.0 , 64 bit Build 14393 (10.0.14393.0)

CPU:total 8 (4 cores per cpu, 2 threads per core) family 6 model 30 stepping 5, cmov, cx8, fxsr, mmx, sse, sse2, sse3, ssse3, sse4.1, sse4.2, popcnt, ht, tsc, tscinvbit

Memory: 4k page, physical 8376780k(35000k free), swap 14666188k(4260k free)

vm_info: OpenJDK 64-Bit Server VM (25.112-b06) for windows-amd64 JRE (1.8.0_112-release-b06), built on Dec  8 2016 00:54:26 by "builder" with MS VC++ 10.0 (VS2010)

time: Fri Apr 28 16:57:49 2017
elapsed time: 38 seconds (0d 0h 0m 38s)

